#
# There is insufficient memory for the Java Runtime Environment to continue.
# Native memory allocation (malloc) failed to allocate 1431696 bytes for Chunk::new
# Possible reasons:
#   The system is out of physical RAM or swap space
#   The process is running with CompressedOops enabled, and the Java Heap may be blocking the growth of the native heap
# Possible solutions:
#   Reduce memory load on the system
#   Increase physical memory or swap space
#   Check if swap backing store is full
#   Decrease Java heap size (-Xmx/-Xms)
#   Decrease number of Java threads
#   Decrease Java thread stack sizes (-Xss)
#   Set larger code cache with -XX:ReservedCodeCacheSize=
#   JVM is running with Unscaled Compressed Oops mode in which the Java heap is
#     placed in the first 4GB address space. The Java Heap base address is the
#     maximum limit for the native heap growth. Please use -XX:HeapBaseMinAddress
#     to set the Java Heap base and to place the Java Heap above 4GB virtual address.
# This output file may be truncated or incomplete.
#
#  Out of Memory Error (allocation.cpp:389), pid=8088, tid=0x0000000000000b1c
#
# JRE version: OpenJDK Runtime Environment (8.0_212-b04) (build 1.8.0_212-release-1586-b04)
# Java VM: OpenJDK 64-Bit Server VM (25.212-b04 mixed mode windows-amd64 compressed oops)
# Failed to write core dump. Minidumps are not enabled by default on client versions of Windows
#

---------------  T H R E A D  ---------------

Current thread (0x0000000017daa800):  JavaThread "C2 CompilerThread2" daemon [_thread_in_native, id=2844, stack(0x00000000195f0000,0x00000000196f0000)]

Stack: [0x00000000195f0000,0x00000000196f0000]
[error occurred during error reporting (printing stack bounds), id 0xc0000005]

Native frames: (J=compiled Java code, j=interpreted, Vv=VM code, C=native code)


Current CompileTask:
C2:1162912 16732   !   4       java.util.Formatter::format (271 bytes)


---------------  P R O C E S S  ---------------

Java Threads: ( => current thread )
  0x00000000220b0800 JavaThread "Cache worker for execution history cache (C:\Users\sania\AndroidStudioProjects\Service\.gradle\5.6.4\executionHistory)" [_thread_blocked, id=12228, stack(0x000000002ccd0000,0x000000002cdd0000)]
  0x00000000220a8800 JavaThread "Execution worker for ':' Thread 11" [_thread_in_native, id=11768, stack(0x000000002cbd0000,0x000000002ccd0000)]
  0x00000000220af000 JavaThread "Execution worker for ':' Thread 10" [_thread_blocked, id=3512, stack(0x000000002cad0000,0x000000002cbd0000)]
  0x00000000220ac000 JavaThread "Execution worker for ':' Thread 9" [_thread_blocked, id=12024, stack(0x000000002c9d0000,0x000000002cad0000)]
  0x00000000220a7800 JavaThread "Execution worker for ':' Thread 8" [_thread_blocked, id=10604, stack(0x000000002c8d0000,0x000000002c9d0000)]
  0x00000000220aa800 JavaThread "Execution worker for ':' Thread 7" [_thread_blocked, id=13132, stack(0x000000002c7d0000,0x000000002c8d0000)]
  0x00000000220a4800 JavaThread "Execution worker for ':' Thread 6" [_thread_blocked, id=1328, stack(0x000000002c6d0000,0x000000002c7d0000)]
  0x000000001dba7800 JavaThread "Execution worker for ':' Thread 5" [_thread_blocked, id=8816, stack(0x000000002c5d0000,0x000000002c6d0000)]
  0x000000001dba6800 JavaThread "Execution worker for ':' Thread 4" [_thread_blocked, id=10756, stack(0x000000002c4d0000,0x000000002c5d0000)]
  0x000000001dba6000 JavaThread "Execution worker for ':' Thread 3" [_thread_blocked, id=7948, stack(0x000000002b320000,0x000000002b420000)]
  0x000000001dba5000 JavaThread "Execution worker for ':' Thread 2" [_thread_blocked, id=12036, stack(0x0000000027e60000,0x0000000027f60000)]
  0x000000001db9d800 JavaThread "Execution worker for ':'" [_thread_blocked, id=6228, stack(0x0000000026da0000,0x0000000026ea0000)]
  0x000000001dba2800 JavaThread "Cache worker for file content cache (C:\Users\sania\AndroidStudioProjects\Service\.gradle\5.6.4\fileContent)" [_thread_blocked, id=12132, stack(0x0000000029730000,0x0000000029830000)]
  0x000000001dba2000 JavaThread "Cache worker for file content cache (C:\Users\sania\.gradle\caches\5.6.4\fileContent)" [_thread_blocked, id=10676, stack(0x0000000028440000,0x0000000028540000)]
  0x000000001db99800 JavaThread "Cache worker for Build Output Cleanup Cache (C:\Users\sania\AndroidStudioProjects\Service\.gradle\buildOutputCleanup)" [_thread_blocked, id=9924, stack(0x0000000024fd0000,0x00000000250d0000)]
  0x000000001dba0800 JavaThread "pool-5-thread-1" [_thread_blocked, id=5832, stack(0x0000000024cd0000,0x0000000024dd0000)]
  0x000000001db9b000 JavaThread "Build operations Thread 12" [_thread_blocked, id=13284, stack(0x00000000245d0000,0x00000000246d0000)]
  0x000000001db9a800 JavaThread "Build operations Thread 11" [_thread_blocked, id=15004, stack(0x00000000244d0000,0x00000000245d0000)]
  0x000000001db99000 JavaThread "Build operations Thread 10" [_thread_blocked, id=12292, stack(0x00000000243d0000,0x00000000244d0000)]
  0x000000001db9e000 JavaThread "Build operations Thread 9" [_thread_blocked, id=2080, stack(0x00000000242d0000,0x00000000243d0000)]
  0x000000001db9c800 JavaThread "Build operations Thread 8" [_thread_blocked, id=8400, stack(0x00000000241d0000,0x00000000242d0000)]
  0x000000001bcbf800 JavaThread "Build operations Thread 7" [_thread_blocked, id=6256, stack(0x00000000240d0000,0x00000000241d0000)]
  0x000000001bcbf000 JavaThread "Build operations Thread 6" [_thread_blocked, id=292, stack(0x0000000023fd0000,0x00000000240d0000)]
  0x000000001bcbd800 JavaThread "Build operations Thread 5" [_thread_blocked, id=3328, stack(0x0000000023ed0000,0x0000000023fd0000)]
  0x000000001bcbc000 JavaThread "Build operations Thread 4" [_thread_blocked, id=3188, stack(0x00000000236e0000,0x00000000237e0000)]
  0x000000001bcbb000 JavaThread "Build operations Thread 3" [_thread_blocked, id=12424, stack(0x0000000023320000,0x0000000023420000)]
  0x000000001bcbc800 JavaThread "Build operations Thread 2" [_thread_blocked, id=14472, stack(0x0000000022be0000,0x0000000022ce0000)]
  0x000000001bcc0800 JavaThread "Build operations" [_thread_blocked, id=3744, stack(0x0000000021810000,0x0000000021910000)]
  0x000000001bcbe000 JavaThread "Cache worker for cache directory md-rule (C:\Users\sania\.gradle\caches\5.6.4\md-rule)" [_thread_blocked, id=11976, stack(0x000000001feb0000,0x000000001ffb0000)]
  0x000000001bcb3800 JavaThread "Cache worker for cache directory md-supplier (C:\Users\sania\.gradle\caches\5.6.4\md-supplier)" [_thread_blocked, id=12220, stack(0x000000001fdb0000,0x000000001feb0000)]
  0x000000001bcba800 JavaThread "Cache worker for file hash cache (C:\Users\sania\AndroidStudioProjects\Service\.gradle\5.6.4\fileHashes)" [_thread_blocked, id=11208, stack(0x000000001d410000,0x000000001d510000)]
  0x000000001bcb3000 JavaThread "Thread-57" [_thread_blocked, id=8256, stack(0x000000001d310000,0x000000001d410000)]
  0x000000001bcb9800 JavaThread "Stdin handler" [_thread_blocked, id=9428, stack(0x000000001d210000,0x000000001d310000)]
  0x000000001bcb5000 JavaThread "Asynchronous log dispatcher for DefaultDaemonConnection: socket connection from /127.0.0.1:52535 to /127.0.0.1:52748" [_thread_blocked, id=2192, stack(0x000000001d110000,0x000000001d210000)]
  0x000000001bcb2000 JavaThread "Daemon worker Thread 2" [_thread_blocked, id=9532, stack(0x000000001cf10000,0x000000001d010000)]
  0x000000001bcb1800 JavaThread "Cancel handler" [_thread_blocked, id=14572, stack(0x000000001cc10000,0x000000001cd10000)]
  0x000000001bcb9000 JavaThread "Handler for socket connection from /127.0.0.1:52535 to /127.0.0.1:52748" [_thread_in_native, id=11812, stack(0x000000001cb10000,0x000000001cc10000)]
  0x000000001bcb8000 JavaThread "Daemon Thread 2" [_thread_blocked, id=8056, stack(0x0000000000620000,0x0000000000720000)]
  0x00000000220a5800 JavaThread "Memory manager" [_thread_blocked, id=8008, stack(0x0000000026aa0000,0x0000000026ba0000)]
  0x000000001db9f000 JavaThread "Cache worker for execution history cache (C:\Users\sania\.gradle\caches\5.6.4\executionHistory)" [_thread_blocked, id=548, stack(0x0000000021910000,0x0000000021a10000)]
  0x0000000017dac000 JavaThread "Cache worker for journal cache (C:\Users\sania\.gradle\caches\journal-1)" [_thread_blocked, id=9904, stack(0x000000001d710000,0x000000001d810000)]
  0x0000000017da9800 JavaThread "File lock request listener" [_thread_in_native, id=6760, stack(0x000000001d610000,0x000000001d710000)]
  0x000000001b3b3000 JavaThread "Cache worker for file hash cache (C:\Users\sania\.gradle\caches\5.6.4\fileHashes)" [_thread_blocked, id=8680, stack(0x000000001d510000,0x000000001d610000)]
  0x000000001b2c6000 JavaThread "Daemon periodic checks" [_thread_blocked, id=14724, stack(0x000000001ca10000,0x000000001cb10000)]
  0x00000000180ca000 JavaThread "Incoming local TCP Connector on port 52535" [_thread_in_native, id=10332, stack(0x000000001c7d0000,0x000000001c8d0000)]
  0x0000000019b20800 JavaThread "Daemon health stats" [_thread_blocked, id=12632, stack(0x000000001c190000,0x000000001c290000)]
  0x0000000017e2e800 JavaThread "Service Thread" daemon [_thread_blocked, id=15288, stack(0x00000000197f0000,0x00000000198f0000)]
  0x0000000017da6800 JavaThread "C1 CompilerThread3" daemon [_thread_blocked, id=8744, stack(0x00000000196f0000,0x00000000197f0000)]
=>0x0000000017daa800 JavaThread "C2 CompilerThread2" daemon [_thread_in_native, id=2844, stack(0x00000000195f0000,0x00000000196f0000)]
  0x0000000017da9000 JavaThread "C2 CompilerThread1" daemon [_thread_blocked, id=10708, stack(0x00000000194f0000,0x00000000195f0000)]
  0x0000000017d9e800 JavaThread "C2 CompilerThread0" daemon [_thread_blocked, id=1660, stack(0x00000000193f0000,0x00000000194f0000)]
  0x0000000017d9b000 JavaThread "Attach Listener" daemon [_thread_blocked, id=12960, stack(0x00000000192f0000,0x00000000193f0000)]
  0x0000000017d9a000 JavaThread "Signal Dispatcher" daemon [_thread_blocked, id=10016, stack(0x00000000191f0000,0x00000000192f0000)]
  0x00000000166b2000 JavaThread "Finalizer" daemon [_thread_blocked, id=2804, stack(0x0000000018ff0000,0x00000000190f0000)]
  0x0000000017d93000 JavaThread "Reference Handler" daemon [_thread_blocked, id=3488, stack(0x0000000018ef0000,0x0000000018ff0000)]
  0x00000000024ed800 JavaThread "main" [_thread_blocked, id=9332, stack(0x00000000024f0000,0x00000000025f0000)]

Other Threads:
  0x00000000166a5800 VMThread [stack: 0x0000000018df0000,0x0000000018ef0000] [id=7200]
  0x0000000017e2f000 WatcherThread [stack: 0x00000000198f0000,0x00000000199f0000] [id=2996]

VM state:not at safepoint (normal execution)

VM Mutex/Monitor currently owned by a thread: None

heap address: 0x00000000a0000000, size: 1536 MB, Compressed Oops mode: 32-bit
Narrow klass base: 0x0000000000000000, Narrow klass shift: 3
Compressed class space size: 1073741824 Address: 0x0000000100000000

Heap:
 PSYoungGen      total 473088K, used 279148K [0x00000000e0000000, 0x0000000100000000, 0x0000000100000000)
  eden space 425472K, 54% used [0x00000000e0000000,0x00000000ee220d00,0x00000000f9f80000)
  from space 47616K, 99% used [0x00000000f9f80000,0x00000000fcdfa6a0,0x00000000fce00000)
  to   space 51200K, 0% used [0x00000000fce00000,0x00000000fce00000,0x0000000100000000)
 ParOldGen       total 212480K, used 59924K [0x00000000a0000000, 0x00000000acf80000, 0x00000000e0000000)
  object space 212480K, 28% used [0x00000000a0000000,0x00000000a3a85268,0x00000000acf80000)
 Metaspace       used 123103K, capacity 128854K, committed 129216K, reserved 1161216K
  class space    used 16071K, capacity 17221K, committed 17344K, reserved 1048576K

Card table byte_map: [0x0000000011ab0000,0x0000000011dc0000] byte_map_base: 0x00000000115b0000

Marking Bits: (ParMarkBitMap*) 0x000000005e089f30
 Begin Bits: [0x00000000129c0000, 0x00000000141c0000)
 End Bits:   [0x00000000141c0000, 0x00000000159c0000)

Polling page: 0x0000000000b20000

CodeCache: size=245760Kb used=46823Kb max_used=46835Kb free=198936Kb
 bounds [0x00000000026f0000, 0x0000000005500000, 0x00000000116f0000]
 total_blobs=14685 nmethods=13808 adapters=789
 compilation: enabled

Compilation events (10 events):
Event: 1162.845 Thread 0x0000000017da6800 16735       3       java.util.concurrent.locks.AbstractQueuedSynchronizer$ConditionObject::awaitNanos (156 bytes)
Event: 1162.848 Thread 0x0000000017da6800 nmethod 16735 0x00000000054e1d10 code [0x00000000054e2020, 0x00000000054e36f8]
Event: 1162.887 Thread 0x0000000017da6800 16736       3       sun.nio.ch.Util::getTemporaryDirectBuffer (55 bytes)
Event: 1162.888 Thread 0x0000000017da6800 nmethod 16736 0x0000000005498150 code [0x0000000005498360, 0x0000000005498d68]
Event: 1162.893 Thread 0x0000000017da6800 16737       3       sun.nio.ch.Util::offerFirstTemporaryDirectBuffer (53 bytes)
Event: 1162.894 Thread 0x0000000017da6800 nmethod 16737 0x00000000054d7d50 code [0x00000000054d7f60, 0x00000000054d8998]
Event: 1162.896 Thread 0x0000000017da9000 16738       4       java.nio.channels.spi.AbstractInterruptibleChannel::begin (48 bytes)
Event: 1162.896 Thread 0x0000000017d9e800 16739       4       java.nio.channels.spi.AbstractInterruptibleChannel::end (50 bytes)
Event: 1162.899 Thread 0x0000000017d9e800 nmethod 16739 0x0000000005497b50 code [0x0000000005497ca0, 0x0000000005497f78]
Event: 1162.899 Thread 0x0000000017da9000 nmethod 16738 0x00000000054d7610 code [0x00000000054d7780, 0x00000000054d7b28]

GC Heap History (10 events):
Event: 61.517 GC heap before
{Heap before GC invocations=15 (full 3):
 PSYoungGen      total 465408K, used 465376K [0x00000000e0000000, 0x0000000100000000, 0x0000000100000000)
  eden space 436736K, 100% used [0x00000000e0000000,0x00000000faa80000,0x00000000faa80000)
  from space 28672K, 99% used [0x00000000faa80000,0x00000000fc678228,0x00000000fc680000)
  to   space 34304K, 0% used [0x00000000fde80000,0x00000000fde80000,0x0000000100000000)
 ParOldGen       total 143872K, used 46558K [0x00000000a0000000, 0x00000000a8c80000, 0x00000000e0000000)
  object space 143872K, 32% used [0x00000000a0000000,0x00000000a2d77a60,0x00000000a8c80000)
 Metaspace       used 91340K, capacity 96520K, committed 96728K, reserved 1132544K
  class space    used 11963K, capacity 12901K, committed 13016K, reserved 1048576K
Event: 61.813 GC heap after
Heap after GC invocations=15 (full 3):
 PSYoungGen      total 459264K, used 34298K [0x00000000e0000000, 0x0000000100000000, 0x0000000100000000)
  eden space 424960K, 0% used [0x00000000e0000000,0x00000000e0000000,0x00000000f9f00000)
  from space 34304K, 99% used [0x00000000fde80000,0x00000000ffffea70,0x0000000100000000)
  to   space 49664K, 0% used [0x00000000f9f00000,0x00000000f9f00000,0x00000000fcf80000)
 ParOldGen       total 143872K, used 73865K [0x00000000a0000000, 0x00000000a8c80000, 0x00000000e0000000)
  object space 143872K, 51% used [0x00000000a0000000,0x00000000a4822488,0x00000000a8c80000)
 Metaspace       used 91340K, capacity 96520K, committed 96728K, reserved 1132544K
  class space    used 11963K, capacity 12901K, committed 13016K, reserved 1048576K
}
Event: 62.313 GC heap before
{Heap before GC invocations=16 (full 3):
 PSYoungGen      total 459264K, used 77388K [0x00000000e0000000, 0x0000000100000000, 0x0000000100000000)
  eden space 424960K, 10% used [0x00000000e0000000,0x00000000e2a147d0,0x00000000f9f00000)
  from space 34304K, 99% used [0x00000000fde80000,0x00000000ffffea70,0x0000000100000000)
  to   space 49664K, 0% used [0x00000000f9f00000,0x00000000f9f00000,0x00000000fcf80000)
 ParOldGen       total 143872K, used 73865K [0x00000000a0000000, 0x00000000a8c80000, 0x00000000e0000000)
  object space 143872K, 51% used [0x00000000a0000000,0x00000000a4822488,0x00000000a8c80000)
 Metaspace       used 93184K, capacity 98310K, committed 98496K, reserved 1134592K
  class space    used 12201K, capacity 13147K, committed 13248K, reserved 1048576K
Event: 62.330 GC heap after
Heap after GC invocations=16 (full 3):
 PSYoungGen      total 474624K, used 3654K [0x00000000e0000000, 0x0000000100000000, 0x0000000100000000)
  eden space 424960K, 0% used [0x00000000e0000000,0x00000000e0000000,0x00000000f9f00000)
  from space 49664K, 7% used [0x00000000f9f00000,0x00000000fa2918e8,0x00000000fcf80000)
  to   space 49152K, 0% used [0x00000000fd000000,0x00000000fd000000,0x0000000100000000)
 ParOldGen       total 143872K, used 90523K [0x00000000a0000000, 0x00000000a8c80000, 0x00000000e0000000)
  object space 143872K, 62% used [0x00000000a0000000,0x00000000a5866da0,0x00000000a8c80000)
 Metaspace       used 93184K, capacity 98310K, committed 98496K, reserved 1134592K
  class space    used 12201K, capacity 13147K, committed 13248K, reserved 1048576K
}
Event: 62.330 GC heap before
{Heap before GC invocations=17 (full 4):
 PSYoungGen      total 474624K, used 3654K [0x00000000e0000000, 0x0000000100000000, 0x0000000100000000)
  eden space 424960K, 0% used [0x00000000e0000000,0x00000000e0000000,0x00000000f9f00000)
  from space 49664K, 7% used [0x00000000f9f00000,0x00000000fa2918e8,0x00000000fcf80000)
  to   space 49152K, 0% used [0x00000000fd000000,0x00000000fd000000,0x0000000100000000)
 ParOldGen       total 143872K, used 90523K [0x00000000a0000000, 0x00000000a8c80000, 0x00000000e0000000)
  object space 143872K, 62% used [0x00000000a0000000,0x00000000a5866da0,0x00000000a8c80000)
 Metaspace       used 93184K, capacity 98310K, committed 98496K, reserved 1134592K
  class space    used 12201K, capacity 13147K, committed 13248K, reserved 1048576K
Event: 63.670 GC heap after
Heap after GC invocations=17 (full 4):
 PSYoungGen      total 474624K, used 0K [0x00000000e0000000, 0x0000000100000000, 0x0000000100000000)
  eden space 424960K, 0% used [0x00000000e0000000,0x00000000e0000000,0x00000000f9f00000)
  from space 49664K, 0% used [0x00000000f9f00000,0x00000000f9f00000,0x00000000fcf80000)
  to   space 49152K, 0% used [0x00000000fd000000,0x00000000fd000000,0x0000000100000000)
 ParOldGen       total 212480K, used 57180K [0x00000000a0000000, 0x00000000acf80000, 0x00000000e0000000)
  object space 212480K, 26% used [0x00000000a0000000,0x00000000a37d7088,0x00000000acf80000)
 Metaspace       used 92310K, capacity 95880K, committed 98496K, reserved 1134592K
  class space    used 11921K, capacity 12658K, committed 13248K, reserved 1048576K
}
Event: 66.372 GC heap before
{Heap before GC invocations=18 (full 4):
 PSYoungGen      total 474624K, used 424960K [0x00000000e0000000, 0x0000000100000000, 0x0000000100000000)
  eden space 424960K, 100% used [0x00000000e0000000,0x00000000f9f00000,0x00000000f9f00000)
  from space 49664K, 0% used [0x00000000f9f00000,0x00000000f9f00000,0x00000000fcf80000)
  to   space 49152K, 0% used [0x00000000fd000000,0x00000000fd000000,0x0000000100000000)
 ParOldGen       total 212480K, used 57180K [0x00000000a0000000, 0x00000000acf80000, 0x00000000e0000000)
  object space 212480K, 26% used [0x00000000a0000000,0x00000000a37d7088,0x00000000acf80000)
 Metaspace       used 102356K, capacity 106708K, committed 108224K, reserved 1142784K
  class space    used 13379K, capacity 14234K, committed 14528K, reserved 1048576K
Event: 66.387 GC heap after
Heap after GC invocations=18 (full 4):
 PSYoungGen      total 471040K, used 22127K [0x00000000e0000000, 0x00000000ffc80000, 0x0000000100000000)
  eden space 425472K, 0% used [0x00000000e0000000,0x00000000e0000000,0x00000000f9f80000)
  from space 45568K, 48% used [0x00000000fd000000,0x00000000fe59bc90,0x00000000ffc80000)
  to   space 47616K, 0% used [0x00000000f9f80000,0x00000000f9f80000,0x00000000fce00000)
 ParOldGen       total 212480K, used 57188K [0x00000000a0000000, 0x00000000acf80000, 0x00000000e0000000)
  object space 212480K, 26% used [0x00000000a0000000,0x00000000a37d9088,0x00000000acf80000)
 Metaspace       used 102356K, capacity 106708K, committed 108224K, reserved 1142784K
  class space    used 13379K, capacity 14234K, committed 14528K, reserved 1048576K
}
Event: 1159.000 GC heap before
{Heap before GC invocations=19 (full 4):
 PSYoungGen      total 471040K, used 447599K [0x00000000e0000000, 0x00000000ffc80000, 0x0000000100000000)
  eden space 425472K, 100% used [0x00000000e0000000,0x00000000f9f80000,0x00000000f9f80000)
  from space 45568K, 48% used [0x00000000fd000000,0x00000000fe59bc90,0x00000000ffc80000)
  to   space 47616K, 0% used [0x00000000f9f80000,0x00000000f9f80000,0x00000000fce00000)
 ParOldGen       total 212480K, used 57188K [0x00000000a0000000, 0x00000000acf80000, 0x00000000e0000000)
  object space 212480K, 26% used [0x00000000a0000000,0x00000000a37d9088,0x00000000acf80000)
 Metaspace       used 111582K, capacity 116600K, committed 116800K, reserved 1150976K
  class space    used 14312K, capacity 15297K, committed 15424K, reserved 1048576K
Event: 1159.295 GC heap after
Heap after GC invocations=19 (full 4):
 PSYoungGen      total 473088K, used 47593K [0x00000000e0000000, 0x0000000100000000, 0x0000000100000000)
  eden space 425472K, 0% used [0x00000000e0000000,0x00000000e0000000,0x00000000f9f80000)
  from space 47616K, 99% used [0x00000000f9f80000,0x00000000fcdfa6a0,0x00000000fce00000)
  to   space 51200K, 0% used [0x00000000fce00000,0x00000000fce00000,0x0000000100000000)
 ParOldGen       total 212480K, used 59924K [0x00000000a0000000, 0x00000000acf80000, 0x00000000e0000000)
  object space 212480K, 28% used [0x00000000a0000000,0x00000000a3a85268,0x00000000acf80000)
 Metaspace       used 111582K, capacity 116600K, committed 116800K, reserved 1150976K
  class space    used 14312K, capacity 15297K, committed 15424K, reserved 1048576K
}

Deoptimization events (10 events):
Event: 1161.846 Thread 0x00000000220a8800 Uncommon trap: reason=unstable_if action=reinterpret pc=0x00000000052fbbd4 method=org.gradle.tooling.internal.provider.runner.ClientForwardingTestOperationListener.finished(Lorg/gradle/internal/operations/BuildOperationDescriptor;Lorg/gradle/internal/oper
Event: 1162.077 Thread 0x000000001db9d800 Uncommon trap: reason=unstable_if action=reinterpret pc=0x0000000004d23d70 method=java.io.File.getParent()Ljava/lang/String; @ 16
Event: 1162.081 Thread 0x00000000220ac000 Uncommon trap: reason=unstable_if action=reinterpret pc=0x00000000036c91dc method=java.io.BufferedWriter.min(II)I @ 2
Event: 1162.082 Thread 0x00000000220ac000 Uncommon trap: reason=unstable_if action=reinterpret pc=0x00000000054647f8 method=sun.nio.cs.UTF_8$Encoder.encodeArrayLoop(Ljava/nio/CharBuffer;Ljava/nio/ByteBuffer;)Ljava/nio/charset/CoderResult; @ 113
Event: 1162.082 Thread 0x00000000220ac000 Uncommon trap: reason=unstable_if action=reinterpret pc=0x000000000422c804 method=java.nio.charset.CharsetEncoder.encode(Ljava/nio/CharBuffer;Ljava/nio/ByteBuffer;Z)Ljava/nio/charset/CoderResult; @ 94
Event: 1162.083 Thread 0x00000000220ac000 Uncommon trap: reason=unstable_if action=reinterpret pc=0x00000000031bbe6c method=java.nio.charset.CharsetEncoder.encode(Ljava/nio/CharBuffer;Ljava/nio/ByteBuffer;Z)Ljava/nio/charset/CoderResult; @ 94
Event: 1162.089 Thread 0x000000001db9d800 Uncommon trap: reason=bimorphic action=maybe_recompile pc=0x00000000054798c4 method=org.gradle.internal.event.AbstractBroadcastDispatch.dispatch(Lorg/gradle/internal/dispatch/MethodInvocation;Ljava/util/Iterator;)V @ 25
Event: 1162.090 Thread 0x000000001db9d800 Uncommon trap: reason=bimorphic action=maybe_recompile pc=0x00000000054798c4 method=org.gradle.internal.event.AbstractBroadcastDispatch.dispatch(Lorg/gradle/internal/dispatch/MethodInvocation;Ljava/util/Iterator;)V @ 25
Event: 1162.091 Thread 0x000000001db9d800 Uncommon trap: reason=bimorphic action=maybe_recompile pc=0x00000000054798c4 method=org.gradle.internal.event.AbstractBroadcastDispatch.dispatch(Lorg/gradle/internal/dispatch/MethodInvocation;Ljava/util/Iterator;)V @ 25
Event: 1162.091 Thread 0x000000001db9d800 Uncommon trap: reason=bimorphic action=maybe_recompile pc=0x00000000054798c4 method=org.gradle.internal.event.AbstractBroadcastDispatch.dispatch(Lorg/gradle/internal/dispatch/MethodInvocation;Ljava/util/Iterator;)V @ 25

Classes redefined (0 events):
No events

Internal exceptions (10 events):
Event: 1160.486 Thread 0x000000001bcb2000 Exception <a 'java/lang/ClassNotFoundException': com/android/build/gradle/internal/api/ApkVariantOutputImplBeanInfo> (0x00000000e527a008) thrown at [D:\src\AOSP-openjdk-cygwin\jdk8u\hotspot\src\share\vm\classfile\systemDictionary.cpp, line 210]
Event: 1160.486 Thread 0x000000001bcb2000 Exception <a 'java/lang/ClassNotFoundException': com/android/build/gradle/internal/api/BaseVariantOutputImplBeanInfo> (0x00000000e52995f0) thrown at [D:\src\AOSP-openjdk-cygwin\jdk8u\hotspot\src\share\vm\classfile\systemDictionary.cpp, line 210]
Event: 1160.487 Thread 0x000000001bcb2000 Exception <a 'java/lang/ClassNotFoundException': com/android/build/gradle/internal/api/BaseVariantOutputImplCustomizer> (0x00000000e52b92b8) thrown at [D:\src\AOSP-openjdk-cygwin\jdk8u\hotspot\src\share\vm\classfile\systemDictionary.cpp, line 210]
Event: 1160.488 Thread 0x000000001bcb2000 Exception <a 'java/lang/ClassNotFoundException': com/android/build/gradle/internal/api/ApkVariantOutputImplCustomizer> (0x00000000e52f29e8) thrown at [D:\src\AOSP-openjdk-cygwin\jdk8u\hotspot\src\share\vm\classfile\systemDictionary.cpp, line 210]
Event: 1160.488 Thread 0x000000001bcb2000 Exception <a 'java/lang/ClassNotFoundException': com/android/build/gradle/internal/api/ApkVariantOutputImpl_DecoratedCustomizer> (0x00000000e5327a10) thrown at [D:\src\AOSP-openjdk-cygwin\jdk8u\hotspot\src\share\vm\classfile\systemDictionary.cpp, line 210
Event: 1160.971 Thread 0x000000001bcb2000 Exception <a 'java/lang/ClassNotFoundException': com/sun/org/glassfish/hk2/osgiresourcelocator/ServiceLoader> (0x00000000e6bec4a8) thrown at [D:\src\AOSP-openjdk-cygwin\jdk8u\hotspot\src\share\vm\classfile\systemDictionary.cpp, line 210]
Event: 1161.029 Thread 0x000000001bcb2000 Exception <a 'java/lang/NullPointerException'> (0x00000000e713fa20) thrown at [D:\src\AOSP-openjdk-cygwin\jdk8u\hotspot\src\share\vm\interpreter\linkResolver.cpp, line 1287]
Event: 1161.653 Thread 0x00000000220ac000 Implicit null exception at 0x00000000045bc19b to 0x00000000045bc7f5
Event: 1162.855 Thread 0x00000000220a8800 Exception <a 'sun/nio/fs/WindowsException'> (0x00000000ee17ec68) thrown at [D:\src\AOSP-openjdk-cygwin\jdk8u\hotspot\src\share\vm\prims\jni.cpp, line 710]
Event: 1162.876 Thread 0x00000000220a8800 Exception <a 'sun/nio/fs/WindowsException'> (0x00000000ee1f59c8) thrown at [D:\src\AOSP-openjdk-cygwin\jdk8u\hotspot\src\share\vm\prims\jni.cpp, line 710]

Events (10 events):
Event: 1162.857 loading class com/google/common/io/ByteStreams
Event: 1162.857 loading class com/google/common/io/ByteStreams done
Event: 1162.868 loading class com/google/common/io/ByteStreams$1
Event: 1162.868 loading class com/google/common/io/ByteStreams$1 done
Event: 1162.872 loading class com/google/common/io/ByteStreams$LimitedInputStream
Event: 1162.872 loading class com/google/common/io/ByteStreams$LimitedInputStream done
Event: 1162.873 loading class com/google/common/io/ByteArrayDataOutput
Event: 1162.873 loading class com/google/common/io/ByteArrayDataOutput done
Event: 1162.874 loading class com/google/common/io/ByteArrayDataInput
Event: 1162.874 loading class com/google/common/io/ByteArrayDataInput done


Dynamic libraries:
0x00007ff66a150000 - 0x00007ff66a181000 	C:\Program Files\Android\Android Studio\jre\bin\java.exe
0x00007fff9c760000 - 0x00007fff9c950000 	C:\Windows\SYSTEM32\ntdll.dll
0x00007fff9b980000 - 0x00007fff9ba32000 	C:\Windows\System32\KERNEL32.DLL
0x00007fff9a2e0000 - 0x00007fff9a583000 	C:\Windows\System32\KERNELBASE.dll
0x00007fff9c530000 - 0x00007fff9c5d3000 	C:\Windows\System32\ADVAPI32.dll
0x00007fff9c680000 - 0x00007fff9c71e000 	C:\Windows\System32\msvcrt.dll
0x00007fff9c040000 - 0x00007fff9c0d7000 	C:\Windows\System32\sechost.dll
0x00007fff9a810000 - 0x00007fff9a930000 	C:\Windows\System32\RPCRT4.dll
0x00007fff9aa00000 - 0x00007fff9ab94000 	C:\Windows\System32\USER32.dll
0x00007fff9a5e0000 - 0x00007fff9a601000 	C:\Windows\System32\win32u.dll
0x00007fff9bf90000 - 0x00007fff9bfb6000 	C:\Windows\System32\GDI32.dll
0x00007fff9a0a0000 - 0x00007fff9a234000 	C:\Windows\System32\gdi32full.dll
0x00007fff9a240000 - 0x00007fff9a2de000 	C:\Windows\System32\msvcp_win.dll
0x00007fff99ef0000 - 0x00007fff99fea000 	C:\Windows\System32\ucrtbase.dll
0x00007fff98b40000 - 0x00007fff98dc5000 	C:\Windows\WinSxS\amd64_microsoft.windows.common-controls_6595b64144ccf1df_6.0.18362.657_none_e6c5b579130e3898\COMCTL32.dll
0x00007fff9bbe0000 - 0x00007fff9bf16000 	C:\Windows\System32\combase.dll
0x00007fff996f0000 - 0x00007fff99770000 	C:\Windows\System32\bcryptPrimitives.dll
0x00007fff9c5e0000 - 0x00007fff9c60e000 	C:\Windows\System32\IMM32.DLL
0x000000005d700000 - 0x000000005d7d2000 	C:\Program Files\Android\Android Studio\jre\jre\bin\msvcr100.dll
0x000000005d8c0000 - 0x000000005e106000 	C:\Program Files\Android\Android Studio\jre\jre\bin\server\jvm.dll
0x00007fff9c220000 - 0x00007fff9c228000 	C:\Windows\System32\PSAPI.DLL
0x00007fff95ae0000 - 0x00007fff95b04000 	C:\Windows\SYSTEM32\WINMM.dll
0x00007fff83930000 - 0x00007fff83939000 	C:\Windows\SYSTEM32\WSOCK32.dll
0x00007fff96d10000 - 0x00007fff96d1a000 	C:\Windows\SYSTEM32\VERSION.dll
0x00007fff9b440000 - 0x00007fff9b4af000 	C:\Windows\System32\WS2_32.dll
0x00007fff95ab0000 - 0x00007fff95add000 	C:\Windows\SYSTEM32\winmmbase.dll
0x00007fff9a590000 - 0x00007fff9a5da000 	C:\Windows\System32\cfgmgr32.dll
0x00007fff95c60000 - 0x00007fff95c6f000 	C:\Program Files\Android\Android Studio\jre\jre\bin\verify.dll
0x00007fff95be0000 - 0x00007fff95c09000 	C:\Program Files\Android\Android Studio\jre\jre\bin\java.dll
0x00007fff92640000 - 0x00007fff92656000 	C:\Program Files\Android\Android Studio\jre\jre\bin\zip.dll
0x00007fff9ad50000 - 0x00007fff9b435000 	C:\Windows\System32\SHELL32.dll
0x00007fff9ba40000 - 0x00007fff9bae9000 	C:\Windows\System32\shcore.dll
0x00007fff99770000 - 0x00007fff99eef000 	C:\Windows\System32\windows.storage.dll
0x00007fff996b0000 - 0x00007fff996cf000 	C:\Windows\System32\profapi.dll
0x00007fff99660000 - 0x00007fff996aa000 	C:\Windows\System32\powrprof.dll
0x00007fff99630000 - 0x00007fff99640000 	C:\Windows\System32\UMPDC.dll
0x00007fff9b920000 - 0x00007fff9b972000 	C:\Windows\System32\shlwapi.dll
0x00007fff996d0000 - 0x00007fff996e1000 	C:\Windows\System32\kernel.appcore.dll
0x00007fff9a080000 - 0x00007fff9a097000 	C:\Windows\System32\cryptsp.dll
0x00007fff92620000 - 0x00007fff9263a000 	C:\Program Files\Android\Android Studio\jre\jre\bin\net.dll
0x00007fff8b900000 - 0x00007fff8bad6000 	C:\Windows\SYSTEM32\urlmon.dll
0x00007fff8c3f0000 - 0x00007fff8c696000 	C:\Windows\SYSTEM32\iertutil.dll
0x00007fff989f0000 - 0x00007fff989fc000 	C:\Windows\SYSTEM32\CRYPTBASE.DLL
0x00007fff98820000 - 0x00007fff98887000 	C:\Windows\system32\mswsock.dll
0x00007fff92600000 - 0x00007fff92613000 	C:\Program Files\Android\Android Studio\jre\jre\bin\nio.dll
0x00007fff92740000 - 0x00007fff92766000 	C:\Users\sania\.gradle\native\30\windows-amd64\native-platform.dll
0x00007fff921f0000 - 0x00007fff921fd000 	C:\Program Files\Android\Android Studio\jre\jre\bin\management.dll
0x00007fff98390000 - 0x00007fff983c3000 	C:\Windows\system32\rsaenh.dll
0x00007fff99ff0000 - 0x00007fff9a016000 	C:\Windows\System32\bcrypt.dll
0x00007fff99550000 - 0x00007fff99575000 	C:\Windows\SYSTEM32\USERENV.dll
0x00007fff98530000 - 0x00007fff9856a000 	C:\Windows\SYSTEM32\IPHLPAPI.DLL
0x00007fff9c610000 - 0x00007fff9c618000 	C:\Windows\System32\NSI.dll
0x00007fff928e0000 - 0x00007fff928f6000 	C:\Windows\SYSTEM32\dhcpcsvc6.DLL
0x00007fff92f30000 - 0x00007fff92f4c000 	C:\Windows\SYSTEM32\dhcpcsvc.DLL
0x00007fff98570000 - 0x00007fff9863a000 	C:\Windows\SYSTEM32\DNSAPI.dll
0x00007fff880f0000 - 0x00007fff88114000 	C:\Program Files\Android\Android Studio\jre\jre\bin\sunec.dll
0x00007fff8bc40000 - 0x00007fff8bc4a000 	C:\Windows\System32\rasadhlp.dll
0x00007fff90bb0000 - 0x00007fff90c27000 	C:\Windows\System32\fwpuclnt.dll
0x00007fff90630000 - 0x00007fff9063b000 	C:\Program Files\Android\Android Studio\jre\jre\bin\sunmscapi.dll
0x00007fff9a6c0000 - 0x00007fff9a809000 	C:\Windows\System32\CRYPT32.dll
0x00007fff99640000 - 0x00007fff99652000 	C:\Windows\System32\MSASN1.dll
0x00007fff99110000 - 0x00007fff99141000 	C:\Windows\SYSTEM32\ntmarta.dll

VM Arguments:
jvm_args: -Xmx1536m -Dfile.encoding=windows-1252 -Duser.country=ID -Duser.language=en -Duser.variant 
java_command: org.gradle.launcher.daemon.bootstrap.GradleDaemon 5.6.4
java_class_path (initial): C:\Users\sania\.gradle\wrapper\dists\gradle-5.6.4-all\ankdp27end7byghfw1q2sw75f\gradle-5.6.4\lib\gradle-launcher-5.6.4.jar
Launcher Type: SUN_STANDARD

Environment Variables:
PATH=C:\Program Files (x86)\Common Files\Oracle\Java\javapath;C:\Windows\system32;C:\Windows;C:\Windows\System32\Wbem;C:\Windows\System32\WindowsPowerShell\v1.0\;C:\Windows\System32\OpenSSH\;C:\Program Files (x86)\NVIDIA Corporation\PhysX\Common;C:\Program Files\NVIDIA Corporation\NVIDIA NvDLISR;C:\Program Files\Intel\WiFi\bin\;C:\Program Files\Common Files\Intel\WirelessCommon\;C:\xampp\php;C:\ProgramData\ComposerSetup\bin;C:\Program Files\Git\cmd;C:\Users\sania\AppData\Local\Microsoft\WindowsApps;C:\Users\sania\AppData\Roaming\Composer\vendor\bin;C:\Users\sania\AppData\Local\Programs\Microsoft VS Code\bin
USERNAME=sania
OS=Windows_NT
PROCESSOR_IDENTIFIER=Intel64 Family 6 Model 158 Stepping 10, GenuineIntel



---------------  S Y S T E M  ---------------

OS: Windows 10.0 , 64 bit Build 18362 (10.0.18362.329)

CPU:total 12 (initial active 12) (6 cores per cpu, 2 threads per core) family 6 model 158 stepping 10, cmov, cx8, fxsr, mmx, sse, sse2, sse3, ssse3, sse4.1, sse4.2, popcnt, avx, avx2, aes, clmul, erms, 3dnowpref, lzcnt, ht, tsc, tscinvbit, bmi1, bmi2, adx

Memory: 4k page, physical 8230360k(194036k free), swap 33396184k(3596k free)

vm_info: OpenJDK 64-Bit Server VM (25.212-b04) for windows-amd64 JRE (1.8.0_212-release-1586-b04), built by "builder" with MS VC++ 10.0 (VS2010)

time: Mon Mar 09 13:48:48 2020
timezone: SE Asia Standard Time
elapsed time: 1162 seconds (0d 0h 19m 22s)

